Listening for transport dt_socket at address: 8000
07-Jun-2019 23:41:12.446 INFO [main] org.apache.catalina.startup.VersionLoggerListener.log Server version:        Apache Tomcat/8.5.41
07-Jun-2019 23:41:12.447 INFO [main] org.apache.catalina.startup.VersionLoggerListener.log Server built:          May 4 2019 09:17:16 UTC
07-Jun-2019 23:41:12.447 INFO [main] org.apache.catalina.startup.VersionLoggerListener.log Server number:         8.5.41.0
07-Jun-2019 23:41:12.448 INFO [main] org.apache.catalina.startup.VersionLoggerListener.log OS Name:               Mac OS X
07-Jun-2019 23:41:12.448 INFO [main] org.apache.catalina.startup.VersionLoggerListener.log OS Version:            10.14.5
07-Jun-2019 23:41:12.448 INFO [main] org.apache.catalina.startup.VersionLoggerListener.log Architecture:          x86_64
07-Jun-2019 23:41:12.448 INFO [main] org.apache.catalina.startup.VersionLoggerListener.log Java Home:             /Library/Java/JavaVirtualMachines/jdk1.8.0_211.jdk/Contents/Home/jre
07-Jun-2019 23:41:12.448 INFO [main] org.apache.catalina.startup.VersionLoggerListener.log JVM Version:           1.8.0_211-b12
07-Jun-2019 23:41:12.448 INFO [main] org.apache.catalina.startup.VersionLoggerListener.log JVM Vendor:            Oracle Corporation
07-Jun-2019 23:41:12.448 INFO [main] org.apache.catalina.startup.VersionLoggerListener.log CATALINA_BASE:         /Users/alexandrmyagkiy/Desktop/MishaLab/Laba25/apache-tomcat-8.5.41
07-Jun-2019 23:41:12.448 INFO [main] org.apache.catalina.startup.VersionLoggerListener.log CATALINA_HOME:         /Users/alexandrmyagkiy/Desktop/MishaLab/Laba25/apache-tomcat-8.5.41
07-Jun-2019 23:41:12.449 INFO [main] org.apache.catalina.startup.VersionLoggerListener.log Command line argument: -Djava.util.logging.config.file=/Users/alexandrmyagkiy/Desktop/MishaLab/Laba25/apache-tomcat-8.5.41/conf/logging.properties
07-Jun-2019 23:41:12.449 INFO [main] org.apache.catalina.startup.VersionLoggerListener.log Command line argument: -Djava.util.logging.manager=org.apache.juli.ClassLoaderLogManager
07-Jun-2019 23:41:12.449 INFO [main] org.apache.catalina.startup.VersionLoggerListener.log Command line argument: -Djdk.tls.ephemeralDHKeySize=2048
07-Jun-2019 23:41:12.449 INFO [main] org.apache.catalina.startup.VersionLoggerListener.log Command line argument: -Djava.protocol.handler.pkgs=org.apache.catalina.webresources
07-Jun-2019 23:41:12.449 INFO [main] org.apache.catalina.startup.VersionLoggerListener.log Command line argument: -Dorg.apache.catalina.security.SecurityListener.UMASK=0027
07-Jun-2019 23:41:12.449 INFO [main] org.apache.catalina.startup.VersionLoggerListener.log Command line argument: -agentlib:jdwp=transport=dt_socket,address=localhost:8000,server=y,suspend=n
07-Jun-2019 23:41:12.449 INFO [main] org.apache.catalina.startup.VersionLoggerListener.log Command line argument: -Dignore.endorsed.dirs=
07-Jun-2019 23:41:12.449 INFO [main] org.apache.catalina.startup.VersionLoggerListener.log Command line argument: -Dcatalina.base=/Users/alexandrmyagkiy/Desktop/MishaLab/Laba25/apache-tomcat-8.5.41
07-Jun-2019 23:41:12.450 INFO [main] org.apache.catalina.startup.VersionLoggerListener.log Command line argument: -Dcatalina.home=/Users/alexandrmyagkiy/Desktop/MishaLab/Laba25/apache-tomcat-8.5.41
07-Jun-2019 23:41:12.450 INFO [main] org.apache.catalina.startup.VersionLoggerListener.log Command line argument: -Djava.io.tmpdir=/Users/alexandrmyagkiy/Desktop/MishaLab/Laba25/apache-tomcat-8.5.41/temp
07-Jun-2019 23:41:12.450 INFO [main] org.apache.catalina.core.AprLifecycleListener.lifecycleEvent The APR based Apache Tomcat Native library which allows optimal performance in production environments was not found on the java.library.path: [/Users/alexandrmyagkiy/Library/Java/Extensions:/Library/Java/Extensions:/Network/Library/Java/Extensions:/System/Library/Java/Extensions:/usr/lib/java:.]
07-Jun-2019 23:41:12.528 INFO [main] org.apache.coyote.AbstractProtocol.init Initializing ProtocolHandler ["http-nio-8080"]
07-Jun-2019 23:41:12.541 INFO [main] org.apache.tomcat.util.net.NioSelectorPool.getSharedSelector Using a shared selector for servlet write/read
07-Jun-2019 23:41:12.548 INFO [main] org.apache.coyote.AbstractProtocol.init Initializing ProtocolHandler ["ajp-nio-8009"]
07-Jun-2019 23:41:12.549 INFO [main] org.apache.tomcat.util.net.NioSelectorPool.getSharedSelector Using a shared selector for servlet write/read
07-Jun-2019 23:41:12.550 INFO [main] org.apache.catalina.startup.Catalina.load Initialization processed in 342 ms
07-Jun-2019 23:41:12.570 INFO [main] org.apache.catalina.core.StandardService.startInternal Starting service [Catalina]
07-Jun-2019 23:41:12.570 INFO [main] org.apache.catalina.core.StandardEngine.startInternal Starting Servlet Engine: Apache Tomcat/8.5.41
07-Jun-2019 23:41:12.585 INFO [localhost-startStop-1] org.apache.catalina.startup.HostConfig.deployWAR Deploying web application archive [/Users/alexandrmyagkiy/Desktop/MishaLab/Laba25/apache-tomcat-8.5.41/webapps/FICT.war]
07-Jun-2019 23:41:12.909 INFO [localhost-startStop-1] org.apache.jasper.servlet.TldScanner.scanJars At least one JAR was scanned for TLDs yet contained no TLDs. Enable debug logging for this logger for a complete list of JARs that were scanned but no TLDs were found in them. Skipping unneeded JARs during scanning can improve startup time and JSP compilation time.
PORT:null
07-Jun-2019 23:41:12.991 SEVERE [localhost-startStop-1] org.apache.catalina.core.StandardContext.startInternal One or more listeners failed to start. Full details will be found in the appropriate container log file
07-Jun-2019 23:41:12.997 SEVERE [localhost-startStop-1] org.apache.catalina.core.StandardContext.startInternal Context [/FICT] startup failed due to previous errors
07-Jun-2019 23:41:13.003 INFO [localhost-startStop-1] org.apache.catalina.startup.HostConfig.deployWAR Deployment of web application archive [/Users/alexandrmyagkiy/Desktop/MishaLab/Laba25/apache-tomcat-8.5.41/webapps/FICT.war] has finished in [417] ms
07-Jun-2019 23:41:13.004 INFO [localhost-startStop-1] org.apache.catalina.startup.HostConfig.deployWAR Deploying web application archive [/Users/alexandrmyagkiy/Desktop/MishaLab/Laba25/apache-tomcat-8.5.41/webapps/MongoDBWebapp.war]
07-Jun-2019 23:41:13.169 INFO [localhost-startStop-1] org.apache.jasper.servlet.TldScanner.scanJars At least one JAR was scanned for TLDs yet contained no TLDs. Enable debug logging for this logger for a complete list of JARs that were scanned but no TLDs were found in them. Skipping unneeded JARs during scanning can improve startup time and JSP compilation time.
MongoClient initialized successfully
07-Jun-2019 23:41:13.290 INFO [localhost-startStop-1] org.apache.catalina.startup.HostConfig.deployWAR Deployment of web application archive [/Users/alexandrmyagkiy/Desktop/MishaLab/Laba25/apache-tomcat-8.5.41/webapps/MongoDBWebapp.war] has finished in [287] ms
07-Jun-2019 23:41:13.291 INFO [localhost-startStop-1] org.apache.catalina.startup.HostConfig.deployDirectory Deploying web application directory [/Users/alexandrmyagkiy/Desktop/MishaLab/Laba25/apache-tomcat-8.5.41/webapps/docs]
07-Jun-2019 23:41:13.323 INFO [localhost-startStop-1] org.apache.jasper.servlet.TldScanner.scanJars At least one JAR was scanned for TLDs yet contained no TLDs. Enable debug logging for this logger for a complete list of JARs that were scanned but no TLDs were found in them. Skipping unneeded JARs during scanning can improve startup time and JSP compilation time.
07-Jun-2019 23:41:13.324 INFO [localhost-startStop-1] org.apache.catalina.startup.HostConfig.deployDirectory Deployment of web application directory [/Users/alexandrmyagkiy/Desktop/MishaLab/Laba25/apache-tomcat-8.5.41/webapps/docs] has finished in [33] ms
07-Jun-2019 23:41:13.324 INFO [localhost-startStop-1] org.apache.catalina.startup.HostConfig.deployDirectory Deploying web application directory [/Users/alexandrmyagkiy/Desktop/MishaLab/Laba25/apache-tomcat-8.5.41/webapps/manager]
07-Jun-2019 23:41:13.359 INFO [localhost-startStop-1] org.apache.jasper.servlet.TldScanner.scanJars At least one JAR was scanned for TLDs yet contained no TLDs. Enable debug logging for this logger for a complete list of JARs that were scanned but no TLDs were found in them. Skipping unneeded JARs during scanning can improve startup time and JSP compilation time.
07-Jun-2019 23:41:13.365 INFO [localhost-startStop-1] org.apache.catalina.startup.HostConfig.deployDirectory Deployment of web application directory [/Users/alexandrmyagkiy/Desktop/MishaLab/Laba25/apache-tomcat-8.5.41/webapps/manager] has finished in [41] ms
07-Jun-2019 23:41:13.365 INFO [localhost-startStop-1] org.apache.catalina.startup.HostConfig.deployDirectory Deploying web application directory [/Users/alexandrmyagkiy/Desktop/MishaLab/Laba25/apache-tomcat-8.5.41/webapps/examples]
07-Jun-2019 23:41:13.457 INFO [localhost-startStop-1] org.apache.jasper.servlet.TldScanner.scanJars At least one JAR was scanned for TLDs yet contained no TLDs. Enable debug logging for this logger for a complete list of JARs that were scanned but no TLDs were found in them. Skipping unneeded JARs during scanning can improve startup time and JSP compilation time.
07-Jun-2019 23:41:13.465 INFO [localhost-startStop-1] org.apache.catalina.startup.HostConfig.deployDirectory Deployment of web application directory [/Users/alexandrmyagkiy/Desktop/MishaLab/Laba25/apache-tomcat-8.5.41/webapps/examples] has finished in [99] ms
07-Jun-2019 23:41:13.465 INFO [localhost-startStop-1] org.apache.catalina.startup.HostConfig.deployDirectory Deploying web application directory [/Users/alexandrmyagkiy/Desktop/MishaLab/Laba25/apache-tomcat-8.5.41/webapps/ROOT]
07-Jun-2019 23:41:13.492 INFO [localhost-startStop-1] org.apache.jasper.servlet.TldScanner.scanJars At least one JAR was scanned for TLDs yet contained no TLDs. Enable debug logging for this logger for a complete list of JARs that were scanned but no TLDs were found in them. Skipping unneeded JARs during scanning can improve startup time and JSP compilation time.
07-Jun-2019 23:41:13.493 INFO [localhost-startStop-1] org.apache.catalina.startup.HostConfig.deployDirectory Deployment of web application directory [/Users/alexandrmyagkiy/Desktop/MishaLab/Laba25/apache-tomcat-8.5.41/webapps/ROOT] has finished in [28] ms
07-Jun-2019 23:41:13.493 INFO [localhost-startStop-1] org.apache.catalina.startup.HostConfig.deployDirectory Deploying web application directory [/Users/alexandrmyagkiy/Desktop/MishaLab/Laba25/apache-tomcat-8.5.41/webapps/host-manager]
07-Jun-2019 23:41:13.521 INFO [localhost-startStop-1] org.apache.jasper.servlet.TldScanner.scanJars At least one JAR was scanned for TLDs yet contained no TLDs. Enable debug logging for this logger for a complete list of JARs that were scanned but no TLDs were found in them. Skipping unneeded JARs during scanning can improve startup time and JSP compilation time.
07-Jun-2019 23:41:13.522 INFO [localhost-startStop-1] org.apache.catalina.startup.HostConfig.deployDirectory Deployment of web application directory [/Users/alexandrmyagkiy/Desktop/MishaLab/Laba25/apache-tomcat-8.5.41/webapps/host-manager] has finished in [29] ms
07-Jun-2019 23:41:13.524 INFO [main] org.apache.coyote.AbstractProtocol.start Starting ProtocolHandler ["http-nio-8080"]
07-Jun-2019 23:41:13.530 INFO [main] org.apache.coyote.AbstractProtocol.start Starting ProtocolHandler ["ajp-nio-8009"]
07-Jun-2019 23:41:13.532 INFO [main] org.apache.catalina.startup.Catalina.start Server startup in 982 ms
Listening for transport dt_socket at address: 8000
07-Jun-2019 23:43:47.494 INFO [main] org.apache.catalina.core.StandardServer.await A valid shutdown command was received via the shutdown port. Stopping the Server instance.
07-Jun-2019 23:43:47.494 INFO [main] org.apache.coyote.AbstractProtocol.pause Pausing ProtocolHandler ["http-nio-8080"]
07-Jun-2019 23:43:47.502 INFO [main] org.apache.coyote.AbstractProtocol.pause Pausing ProtocolHandler ["ajp-nio-8009"]
07-Jun-2019 23:43:47.507 INFO [main] org.apache.catalina.core.StandardService.stopInternal Stopping service [Catalina]
MongoClient closed successfully
07-Jun-2019 23:43:47.525 INFO [main] org.apache.coyote.AbstractProtocol.stop Stopping ProtocolHandler ["http-nio-8080"]
07-Jun-2019 23:43:47.526 INFO [main] org.apache.coyote.AbstractProtocol.stop Stopping ProtocolHandler ["ajp-nio-8009"]
07-Jun-2019 23:43:47.527 INFO [main] org.apache.coyote.AbstractProtocol.destroy Destroying ProtocolHandler ["http-nio-8080"]
07-Jun-2019 23:43:47.527 INFO [main] org.apache.coyote.AbstractProtocol.destroy Destroying ProtocolHandler ["ajp-nio-8009"]
Listening for transport dt_socket at address: 8000
07-Jun-2019 23:44:02.882 INFO [main] org.apache.catalina.startup.VersionLoggerListener.log Server version:        Apache Tomcat/8.5.41
07-Jun-2019 23:44:02.884 INFO [main] org.apache.catalina.startup.VersionLoggerListener.log Server built:          May 4 2019 09:17:16 UTC
07-Jun-2019 23:44:02.884 INFO [main] org.apache.catalina.startup.VersionLoggerListener.log Server number:         8.5.41.0
07-Jun-2019 23:44:02.884 INFO [main] org.apache.catalina.startup.VersionLoggerListener.log OS Name:               Mac OS X
07-Jun-2019 23:44:02.884 INFO [main] org.apache.catalina.startup.VersionLoggerListener.log OS Version:            10.14.5
07-Jun-2019 23:44:02.884 INFO [main] org.apache.catalina.startup.VersionLoggerListener.log Architecture:          x86_64
07-Jun-2019 23:44:02.884 INFO [main] org.apache.catalina.startup.VersionLoggerListener.log Java Home:             /Library/Java/JavaVirtualMachines/jdk1.8.0_211.jdk/Contents/Home/jre
07-Jun-2019 23:44:02.884 INFO [main] org.apache.catalina.startup.VersionLoggerListener.log JVM Version:           1.8.0_211-b12
07-Jun-2019 23:44:02.884 INFO [main] org.apache.catalina.startup.VersionLoggerListener.log JVM Vendor:            Oracle Corporation
07-Jun-2019 23:44:02.884 INFO [main] org.apache.catalina.startup.VersionLoggerListener.log CATALINA_BASE:         /Users/alexandrmyagkiy/Desktop/MishaLab/Laba25/apache-tomcat-8.5.41
07-Jun-2019 23:44:02.884 INFO [main] org.apache.catalina.startup.VersionLoggerListener.log CATALINA_HOME:         /Users/alexandrmyagkiy/Desktop/MishaLab/Laba25/apache-tomcat-8.5.41
07-Jun-2019 23:44:02.885 INFO [main] org.apache.catalina.startup.VersionLoggerListener.log Command line argument: -Djava.util.logging.config.file=/Users/alexandrmyagkiy/Desktop/MishaLab/Laba25/apache-tomcat-8.5.41/conf/logging.properties
07-Jun-2019 23:44:02.885 INFO [main] org.apache.catalina.startup.VersionLoggerListener.log Command line argument: -Djava.util.logging.manager=org.apache.juli.ClassLoaderLogManager
07-Jun-2019 23:44:02.885 INFO [main] org.apache.catalina.startup.VersionLoggerListener.log Command line argument: -Djdk.tls.ephemeralDHKeySize=2048
07-Jun-2019 23:44:02.886 INFO [main] org.apache.catalina.startup.VersionLoggerListener.log Command line argument: -Djava.protocol.handler.pkgs=org.apache.catalina.webresources
07-Jun-2019 23:44:02.886 INFO [main] org.apache.catalina.startup.VersionLoggerListener.log Command line argument: -Dorg.apache.catalina.security.SecurityListener.UMASK=0027
07-Jun-2019 23:44:02.886 INFO [main] org.apache.catalina.startup.VersionLoggerListener.log Command line argument: -agentlib:jdwp=transport=dt_socket,address=localhost:8000,server=y,suspend=n
07-Jun-2019 23:44:02.886 INFO [main] org.apache.catalina.startup.VersionLoggerListener.log Command line argument: -Dignore.endorsed.dirs=
07-Jun-2019 23:44:02.886 INFO [main] org.apache.catalina.startup.VersionLoggerListener.log Command line argument: -Dcatalina.base=/Users/alexandrmyagkiy/Desktop/MishaLab/Laba25/apache-tomcat-8.5.41
07-Jun-2019 23:44:02.886 INFO [main] org.apache.catalina.startup.VersionLoggerListener.log Command line argument: -Dcatalina.home=/Users/alexandrmyagkiy/Desktop/MishaLab/Laba25/apache-tomcat-8.5.41
07-Jun-2019 23:44:02.886 INFO [main] org.apache.catalina.startup.VersionLoggerListener.log Command line argument: -Djava.io.tmpdir=/Users/alexandrmyagkiy/Desktop/MishaLab/Laba25/apache-tomcat-8.5.41/temp
07-Jun-2019 23:44:02.886 INFO [main] org.apache.catalina.core.AprLifecycleListener.lifecycleEvent The APR based Apache Tomcat Native library which allows optimal performance in production environments was not found on the java.library.path: [/Users/alexandrmyagkiy/Library/Java/Extensions:/Library/Java/Extensions:/Network/Library/Java/Extensions:/System/Library/Java/Extensions:/usr/lib/java:.]
07-Jun-2019 23:44:02.959 INFO [main] org.apache.coyote.AbstractProtocol.init Initializing ProtocolHandler ["http-nio-8080"]
07-Jun-2019 23:44:02.971 INFO [main] org.apache.tomcat.util.net.NioSelectorPool.getSharedSelector Using a shared selector for servlet write/read
07-Jun-2019 23:44:02.980 INFO [main] org.apache.coyote.AbstractProtocol.init Initializing ProtocolHandler ["ajp-nio-8009"]
07-Jun-2019 23:44:02.981 INFO [main] org.apache.tomcat.util.net.NioSelectorPool.getSharedSelector Using a shared selector for servlet write/read
07-Jun-2019 23:44:02.981 INFO [main] org.apache.catalina.startup.Catalina.load Initialization processed in 338 ms
07-Jun-2019 23:44:03.003 INFO [main] org.apache.catalina.core.StandardService.startInternal Starting service [Catalina]
07-Jun-2019 23:44:03.004 INFO [main] org.apache.catalina.core.StandardEngine.startInternal Starting Servlet Engine: Apache Tomcat/8.5.41
07-Jun-2019 23:44:03.017 INFO [localhost-startStop-1] org.apache.catalina.startup.HostConfig.deployWAR Deploying web application archive [/Users/alexandrmyagkiy/Desktop/MishaLab/Laba25/apache-tomcat-8.5.41/webapps/FICT.war]
07-Jun-2019 23:44:03.377 INFO [localhost-startStop-1] org.apache.jasper.servlet.TldScanner.scanJars At least one JAR was scanned for TLDs yet contained no TLDs. Enable debug logging for this logger for a complete list of JARs that were scanned but no TLDs were found in them. Skipping unneeded JARs during scanning can improve startup time and JSP compilation time.
PORT:null
07-Jun-2019 23:44:03.446 SEVERE [localhost-startStop-1] org.apache.catalina.core.StandardContext.startInternal One or more listeners failed to start. Full details will be found in the appropriate container log file
07-Jun-2019 23:44:03.452 SEVERE [localhost-startStop-1] org.apache.catalina.core.StandardContext.startInternal Context [/FICT] startup failed due to previous errors
07-Jun-2019 23:44:03.458 INFO [localhost-startStop-1] org.apache.catalina.startup.HostConfig.deployWAR Deployment of web application archive [/Users/alexandrmyagkiy/Desktop/MishaLab/Laba25/apache-tomcat-8.5.41/webapps/FICT.war] has finished in [441] ms
07-Jun-2019 23:44:03.458 INFO [localhost-startStop-1] org.apache.catalina.startup.HostConfig.deployWAR Deploying web application archive [/Users/alexandrmyagkiy/Desktop/MishaLab/Laba25/apache-tomcat-8.5.41/webapps/MongoDBWebapp.war]
07-Jun-2019 23:44:03.637 INFO [localhost-startStop-1] org.apache.jasper.servlet.TldScanner.scanJars At least one JAR was scanned for TLDs yet contained no TLDs. Enable debug logging for this logger for a complete list of JARs that were scanned but no TLDs were found in them. Skipping unneeded JARs during scanning can improve startup time and JSP compilation time.
MongoClient initialized successfully
07-Jun-2019 23:44:03.719 INFO [localhost-startStop-1] org.apache.catalina.startup.HostConfig.deployWAR Deployment of web application archive [/Users/alexandrmyagkiy/Desktop/MishaLab/Laba25/apache-tomcat-8.5.41/webapps/MongoDBWebapp.war] has finished in [261] ms
07-Jun-2019 23:44:03.720 INFO [localhost-startStop-1] org.apache.catalina.startup.HostConfig.deployDirectory Deploying web application directory [/Users/alexandrmyagkiy/Desktop/MishaLab/Laba25/apache-tomcat-8.5.41/webapps/docs]
07-Jun-2019 23:44:03.757 INFO [localhost-startStop-1] org.apache.jasper.servlet.TldScanner.scanJars At least one JAR was scanned for TLDs yet contained no TLDs. Enable debug logging for this logger for a complete list of JARs that were scanned but no TLDs were found in them. Skipping unneeded JARs during scanning can improve startup time and JSP compilation time.
07-Jun-2019 23:44:03.759 INFO [localhost-startStop-1] org.apache.catalina.startup.HostConfig.deployDirectory Deployment of web application directory [/Users/alexandrmyagkiy/Desktop/MishaLab/Laba25/apache-tomcat-8.5.41/webapps/docs] has finished in [40] ms
07-Jun-2019 23:44:03.759 INFO [localhost-startStop-1] org.apache.catalina.startup.HostConfig.deployDirectory Deploying web application directory [/Users/alexandrmyagkiy/Desktop/MishaLab/Laba25/apache-tomcat-8.5.41/webapps/manager]
07-Jun-2019 23:44:03.798 INFO [localhost-startStop-1] org.apache.jasper.servlet.TldScanner.scanJars At least one JAR was scanned for TLDs yet contained no TLDs. Enable debug logging for this logger for a complete list of JARs that were scanned but no TLDs were found in them. Skipping unneeded JARs during scanning can improve startup time and JSP compilation time.
07-Jun-2019 23:44:03.849 INFO [localhost-startStop-1] org.apache.catalina.startup.HostConfig.deployDirectory Deployment of web application directory [/Users/alexandrmyagkiy/Desktop/MishaLab/Laba25/apache-tomcat-8.5.41/webapps/manager] has finished in [90] ms
07-Jun-2019 23:44:03.849 INFO [localhost-startStop-1] org.apache.catalina.startup.HostConfig.deployDirectory Deploying web application directory [/Users/alexandrmyagkiy/Desktop/MishaLab/Laba25/apache-tomcat-8.5.41/webapps/examples]
07-Jun-2019 23:44:03.951 INFO [localhost-startStop-1] org.apache.jasper.servlet.TldScanner.scanJars At least one JAR was scanned for TLDs yet contained no TLDs. Enable debug logging for this logger for a complete list of JARs that were scanned but no TLDs were found in them. Skipping unneeded JARs during scanning can improve startup time and JSP compilation time.
07-Jun-2019 23:44:03.960 INFO [localhost-startStop-1] org.apache.catalina.startup.HostConfig.deployDirectory Deployment of web application directory [/Users/alexandrmyagkiy/Desktop/MishaLab/Laba25/apache-tomcat-8.5.41/webapps/examples] has finished in [110] ms
07-Jun-2019 23:44:03.960 INFO [localhost-startStop-1] org.apache.catalina.startup.HostConfig.deployDirectory Deploying web application directory [/Users/alexandrmyagkiy/Desktop/MishaLab/Laba25/apache-tomcat-8.5.41/webapps/ROOT]
07-Jun-2019 23:44:04.008 INFO [localhost-startStop-1] org.apache.jasper.servlet.TldScanner.scanJars At least one JAR was scanned for TLDs yet contained no TLDs. Enable debug logging for this logger for a complete list of JARs that were scanned but no TLDs were found in them. Skipping unneeded JARs during scanning can improve startup time and JSP compilation time.
07-Jun-2019 23:44:04.009 INFO [localhost-startStop-1] org.apache.catalina.startup.HostConfig.deployDirectory Deployment of web application directory [/Users/alexandrmyagkiy/Desktop/MishaLab/Laba25/apache-tomcat-8.5.41/webapps/ROOT] has finished in [49] ms
07-Jun-2019 23:44:04.010 INFO [localhost-startStop-1] org.apache.catalina.startup.HostConfig.deployDirectory Deploying web application directory [/Users/alexandrmyagkiy/Desktop/MishaLab/Laba25/apache-tomcat-8.5.41/webapps/host-manager]
07-Jun-2019 23:44:04.059 INFO [localhost-startStop-1] org.apache.jasper.servlet.TldScanner.scanJars At least one JAR was scanned for TLDs yet contained no TLDs. Enable debug logging for this logger for a complete list of JARs that were scanned but no TLDs were found in them. Skipping unneeded JARs during scanning can improve startup time and JSP compilation time.
07-Jun-2019 23:44:04.060 INFO [localhost-startStop-1] org.apache.catalina.startup.HostConfig.deployDirectory Deployment of web application directory [/Users/alexandrmyagkiy/Desktop/MishaLab/Laba25/apache-tomcat-8.5.41/webapps/host-manager] has finished in [50] ms
07-Jun-2019 23:44:04.063 INFO [main] org.apache.coyote.AbstractProtocol.start Starting ProtocolHandler ["http-nio-8080"]
07-Jun-2019 23:44:04.071 INFO [main] org.apache.coyote.AbstractProtocol.start Starting ProtocolHandler ["ajp-nio-8009"]
07-Jun-2019 23:44:04.072 INFO [main] org.apache.catalina.startup.Catalina.start Server startup in 1091 ms
Debugger failed to attach: handshake failed - connection prematurally closed
Debugger failed to attach: handshake failed - connection prematurally closed
Debugger failed to attach: handshake failed - connection prematurally closed
Debugger failed to attach: handshake failed - connection prematurally closed
Debugger failed to attach: handshake failed - connection prematurally closed
Debugger failed to attach: handshake failed - connection prematurally closed
Debugger failed to attach: handshake failed - received >GET /Laba25_wa< - expected >JDWP-Handshake<
Debugger failed to attach: handshake failed - received >GET /Laba25_wa< - expected >JDWP-Handshake<
Debugger failed to attach: handshake failed - received >GET / HTTP/1.1< - expected >JDWP-Handshake<
Debugger failed to attach: handshake failed - received >GET / HTTP/1.1< - expected >JDWP-Handshake<
Debugger failed to attach: handshake failed - connection prematurally closed
Debugger failed to attach: handshake failed - received >GET /Laba25_wa< - expected >JDWP-Handshake<
Debugger failed to attach: handshake failed - received >GET /Laba25_wa< - expected >JDWP-Handshake<
Debugger failed to attach: handshake failed - received >GET / HTTP/1.1< - expected >JDWP-Handshake<
Debugger failed to attach: handshake failed - received >GET / HTTP/1.1< - expected >JDWP-Handshake<
Debugger failed to attach: handshake failed - connection prematurally closed
Debugger failed to attach: handshake failed - received >GET /Laba25_wa< - expected >JDWP-Handshake<
Debugger failed to attach: handshake failed - received >GET /Laba25_wa< - expected >JDWP-Handshake<
Debugger failed to attach: handshake failed - received >GET / HTTP/1.1< - expected >JDWP-Handshake<
Debugger failed to attach: handshake failed - received >GET / HTTP/1.1< - expected >JDWP-Handshake<
Debugger failed to attach: handshake failed - connection prematurally closed
Debugger failed to attach: handshake failed - received >GET /Laba25_wa< - expected >JDWP-Handshake<
Debugger failed to attach: handshake failed - received >GET /Laba25_wa< - expected >JDWP-Handshake<
Debugger failed to attach: handshake failed - received >GET / HTTP/1.1< - expected >JDWP-Handshake<
Debugger failed to attach: handshake failed - received >GET / HTTP/1.1< - expected >JDWP-Handshake<
Debugger failed to attach: handshake failed - connection prematurally closed
Debugger failed to attach: handshake failed - received >GET /Laba25_wa< - expected >JDWP-Handshake<
Debugger failed to attach: handshake failed - received >GET /Laba25_wa< - expected >JDWP-Handshake<
Debugger failed to attach: handshake failed - received >GET / HTTP/1.1< - expected >JDWP-Handshake<
Debugger failed to attach: handshake failed - received >GET / HTTP/1.1< - expected >JDWP-Handshake<
Debugger failed to attach: handshake failed - connection prematurally closed
Debugger failed to attach: handshake failed - received >GET /Laba25_wa< - expected >JDWP-Handshake<
Debugger failed to attach: handshake failed - received >GET /Laba25_wa< - expected >JDWP-Handshake<
Debugger failed to attach: handshake failed - received >GET / HTTP/1.1< - expected >JDWP-Handshake<
Debugger failed to attach: handshake failed - received >GET / HTTP/1.1< - expected >JDWP-Handshake<
Debugger failed to attach: handshake failed - connection prematurally closed
Debugger failed to attach: handshake failed - received >GET /Laba25_wa< - expected >JDWP-Handshake<
Debugger failed to attach: handshake failed - received >GET /Laba25_wa< - expected >JDWP-Handshake<
Debugger failed to attach: handshake failed - received >GET / HTTP/1.1< - expected >JDWP-Handshake<
Debugger failed to attach: handshake failed - received >GET / HTTP/1.1< - expected >JDWP-Handshake<
Debugger failed to attach: handshake failed - connection prematurally closed
Debugger failed to attach: handshake failed - received >GET /Laba25_wa< - expected >JDWP-Handshake<
Debugger failed to attach: handshake failed - received >GET /Laba25_wa< - expected >JDWP-Handshake<
Debugger failed to attach: handshake failed - received >GET / HTTP/1.1< - expected >JDWP-Handshake<
Debugger failed to attach: handshake failed - received >GET / HTTP/1.1< - expected >JDWP-Handshake<
Debugger failed to attach: handshake failed - connection prematurally closed
Debugger failed to attach: handshake failed - received >GET /Laba25_wa< - expected >JDWP-Handshake<
Debugger failed to attach: handshake failed - received >GET /Laba25_wa< - expected >JDWP-Handshake<
Debugger failed to attach: handshake failed - received >GET / HTTP/1.1< - expected >JDWP-Handshake<
Debugger failed to attach: handshake failed - received >GET / HTTP/1.1< - expected >JDWP-Handshake<
Debugger failed to attach: handshake failed - connection prematurally closed
Debugger failed to attach: handshake failed - received >GET /Laba25_wa< - expected >JDWP-Handshake<
Debugger failed to attach: handshake failed - received >GET /Laba25_wa< - expected >JDWP-Handshake<
Debugger failed to attach: handshake failed - received >GET / HTTP/1.1< - expected >JDWP-Handshake<
Debugger failed to attach: handshake failed - received >GET / HTTP/1.1< - expected >JDWP-Handshake<
Debugger failed to attach: handshake failed - connection prematurally closed
Debugger failed to attach: handshake failed - received >GET /Laba25_wa< - expected >JDWP-Handshake<
Debugger failed to attach: handshake failed - received >GET /Laba25_wa< - expected >JDWP-Handshake<
Debugger failed to attach: handshake failed - received >GET / HTTP/1.1< - expected >JDWP-Handshake<
Debugger failed to attach: handshake failed - received >GET / HTTP/1.1< - expected >JDWP-Handshake<
Debugger failed to attach: handshake failed - connection prematurally closed
Debugger failed to attach: handshake failed - received >GET /Laba25_wa< - expected >JDWP-Handshake<
Debugger failed to attach: handshake failed - received >GET /Laba25_wa< - expected >JDWP-Handshake<
Debugger failed to attach: handshake failed - received >GET / HTTP/1.1< - expected >JDWP-Handshake<
Debugger failed to attach: handshake failed - received >GET / HTTP/1.1< - expected >JDWP-Handshake<
Debugger failed to attach: handshake failed - connection prematurally closed
Debugger failed to attach: handshake failed - received >GET /Laba25_wa< - expected >JDWP-Handshake<
Debugger failed to attach: handshake failed - received >GET /Laba25_wa< - expected >JDWP-Handshake<
Debugger failed to attach: handshake failed - received >GET / HTTP/1.1< - expected >JDWP-Handshake<
Debugger failed to attach: handshake failed - received >GET / HTTP/1.1< - expected >JDWP-Handshake<
Debugger failed to attach: handshake failed - connection prematurally closed
Debugger failed to attach: handshake failed - received >GET /Laba25_wa< - expected >JDWP-Handshake<
Debugger failed to attach: handshake failed - received >GET /Laba25_wa< - expected >JDWP-Handshake<
Debugger failed to attach: handshake failed - received >GET / HTTP/1.1< - expected >JDWP-Handshake<
Debugger failed to attach: handshake failed - received >GET / HTTP/1.1< - expected >JDWP-Handshake<
Debugger failed to attach: handshake failed - connection prematurally closed
Debugger failed to attach: handshake failed - received >GET /Laba25_wa< - expected >JDWP-Handshake<
Debugger failed to attach: handshake failed - received >GET /Laba25_wa< - expected >JDWP-Handshake<
Debugger failed to attach: handshake failed - received >GET / HTTP/1.1< - expected >JDWP-Handshake<
Debugger failed to attach: handshake failed - received >GET / HTTP/1.1< - expected >JDWP-Handshake<
Debugger failed to attach: handshake failed - connection prematurally closed
Debugger failed to attach: handshake failed - received >GET /Laba25_wa< - expected >JDWP-Handshake<
Debugger failed to attach: handshake failed - received >GET /Laba25_wa< - expected >JDWP-Handshake<
Debugger failed to attach: handshake failed - received >GET / HTTP/1.1< - expected >JDWP-Handshake<
Debugger failed to attach: handshake failed - received >GET / HTTP/1.1< - expected >JDWP-Handshake<
Debugger failed to attach: handshake failed - connection prematurally closed
Debugger failed to attach: handshake failed - received >GET /Laba25_wa< - expected >JDWP-Handshake<
Debugger failed to attach: handshake failed - received >GET /Laba25_wa< - expected >JDWP-Handshake<
Debugger failed to attach: handshake failed - received >GET / HTTP/1.1< - expected >JDWP-Handshake<
Debugger failed to attach: handshake failed - received >GET / HTTP/1.1< - expected >JDWP-Handshake<
Debugger failed to attach: handshake failed - connection prematurally closed
Debugger failed to attach: handshake failed - received >GET /Laba25_wa< - expected >JDWP-Handshake<
Debugger failed to attach: handshake failed - received >GET /Laba25_wa< - expected >JDWP-Handshake<
Debugger failed to attach: handshake failed - received >GET / HTTP/1.1< - expected >JDWP-Handshake<
Debugger failed to attach: handshake failed - received >GET / HTTP/1.1< - expected >JDWP-Handshake<
Debugger failed to attach: handshake failed - connection prematurally closed
Debugger failed to attach: handshake failed - received >GET /Laba25_wa< - expected >JDWP-Handshake<
Debugger failed to attach: handshake failed - received >GET /Laba25_wa< - expected >JDWP-Handshake<
Debugger failed to attach: handshake failed - received >GET / HTTP/1.1< - expected >JDWP-Handshake<
Debugger failed to attach: handshake failed - received >GET / HTTP/1.1< - expected >JDWP-Handshake<
Debugger failed to attach: handshake failed - connection prematurally closed
Debugger failed to attach: handshake failed - received >GET /Laba25_wa< - expected >JDWP-Handshake<
Debugger failed to attach: handshake failed - received >GET /Laba25_wa< - expected >JDWP-Handshake<
Debugger failed to attach: handshake failed - received >GET / HTTP/1.1< - expected >JDWP-Handshake<
Debugger failed to attach: handshake failed - received >GET / HTTP/1.1< - expected >JDWP-Handshake<
Debugger failed to attach: handshake failed - connection prematurally closed
Debugger failed to attach: handshake failed - received >GET /Laba25_wa< - expected >JDWP-Handshake<
Debugger failed to attach: handshake failed - received >GET /Laba25_wa< - expected >JDWP-Handshake<
Debugger failed to attach: handshake failed - received >GET / HTTP/1.1< - expected >JDWP-Handshake<
Debugger failed to attach: handshake failed - received >GET / HTTP/1.1< - expected >JDWP-Handshake<
Debugger failed to attach: handshake failed - connection prematurally closed
Debugger failed to attach: handshake failed - received >GET /Laba25_wa< - expected >JDWP-Handshake<
Debugger failed to attach: handshake failed - received >GET /Laba25_wa< - expected >JDWP-Handshake<
Debugger failed to attach: handshake failed - received >GET / HTTP/1.1< - expected >JDWP-Handshake<
Debugger failed to attach: handshake failed - received >GET / HTTP/1.1< - expected >JDWP-Handshake<
Debugger failed to attach: handshake failed - connection prematurally closed
Debugger failed to attach: handshake failed - received >GET /Laba25_wa< - expected >JDWP-Handshake<
Debugger failed to attach: handshake failed - received >GET /Laba25_wa< - expected >JDWP-Handshake<
Debugger failed to attach: handshake failed - received >GET / HTTP/1.1< - expected >JDWP-Handshake<
Debugger failed to attach: handshake failed - received >GET / HTTP/1.1< - expected >JDWP-Handshake<
Debugger failed to attach: handshake failed - connection prematurally closed
Debugger failed to attach: handshake failed - received >GET /Laba25_wa< - expected >JDWP-Handshake<
Debugger failed to attach: handshake failed - received >GET /Laba25_wa< - expected >JDWP-Handshake<
Debugger failed to attach: handshake failed - received >GET / HTTP/1.1< - expected >JDWP-Handshake<
Debugger failed to attach: handshake failed - received >GET / HTTP/1.1< - expected >JDWP-Handshake<
Debugger failed to attach: handshake failed - connection prematurally closed
Debugger failed to attach: handshake failed - received >GET /Laba25_wa< - expected >JDWP-Handshake<
Debugger failed to attach: handshake failed - received >GET /Laba25_wa< - expected >JDWP-Handshake<
Debugger failed to attach: handshake failed - received >GET / HTTP/1.1< - expected >JDWP-Handshake<
Debugger failed to attach: handshake failed - received >GET / HTTP/1.1< - expected >JDWP-Handshake<
Debugger failed to attach: handshake failed - received >GET /Laba25_wa< - expected >JDWP-Handshake<
Debugger failed to attach: handshake failed - received >GET /Laba25_wa< - expected >JDWP-Handshake<
Debugger failed to attach: handshake failed - received >GET /Laba25_wa< - expected >JDWP-Handshake<
Debugger failed to attach: handshake failed - received >GET /Laba25_wa< - expected >JDWP-Handshake<
Debugger failed to attach: timeout during handshake
Debugger failed to attach: handshake failed - connection prematurally closed
Debugger failed to attach: handshake failed - received >GET /Laba25_wa< - expected >JDWP-Handshake<
Debugger failed to attach: handshake failed - received >GET /Laba25_wa< - expected >JDWP-Handshake<
Debugger failed to attach: handshake failed - received >GET / HTTP/1.1< - expected >JDWP-Handshake<
Debugger failed to attach: handshake failed - received >GET / HTTP/1.1< - expected >JDWP-Handshake<
Debugger failed to attach: handshake failed - connection prematurally closed
Debugger failed to attach: handshake failed - received >GET /Laba25_wa< - expected >JDWP-Handshake<
Debugger failed to attach: handshake failed - received >GET /Laba25_wa< - expected >JDWP-Handshake<
Debugger failed to attach: handshake failed - received >GET / HTTP/1.1< - expected >JDWP-Handshake<
Debugger failed to attach: handshake failed - received >GET / HTTP/1.1< - expected >JDWP-Handshake<
Debugger failed to attach: handshake failed - connection prematurally closed
Debugger failed to attach: handshake failed - received >GET /Laba25_wa< - expected >JDWP-Handshake<
Debugger failed to attach: handshake failed - received >GET /Laba25_wa< - expected >JDWP-Handshake<
Debugger failed to attach: handshake failed - received >GET / HTTP/1.1< - expected >JDWP-Handshake<
Debugger failed to attach: handshake failed - received >GET / HTTP/1.1< - expected >JDWP-Handshake<
Debugger failed to attach: handshake failed - connection prematurally closed
Debugger failed to attach: handshake failed - received >GET /Laba25_wa< - expected >JDWP-Handshake<
Debugger failed to attach: handshake failed - received >GET /Laba25_wa< - expected >JDWP-Handshake<
Debugger failed to attach: handshake failed - received >GET / HTTP/1.1< - expected >JDWP-Handshake<
Debugger failed to attach: handshake failed - received >GET / HTTP/1.1< - expected >JDWP-Handshake<
Debugger failed to attach: handshake failed - connection prematurally closed
Debugger failed to attach: handshake failed - received >GET /Laba25_wa< - expected >JDWP-Handshake<
Debugger failed to attach: handshake failed - received >GET /Laba25_wa< - expected >JDWP-Handshake<
Debugger failed to attach: handshake failed - received >GET / HTTP/1.1< - expected >JDWP-Handshake<
Debugger failed to attach: handshake failed - received >GET / HTTP/1.1< - expected >JDWP-Handshake<
Debugger failed to attach: handshake failed - connection prematurally closed
Debugger failed to attach: handshake failed - received >GET /Laba25_wa< - expected >JDWP-Handshake<
Debugger failed to attach: handshake failed - received >GET /Laba25_wa< - expected >JDWP-Handshake<
Debugger failed to attach: handshake failed - received >GET / HTTP/1.1< - expected >JDWP-Handshake<
Debugger failed to attach: handshake failed - received >GET / HTTP/1.1< - expected >JDWP-Handshake<
Debugger failed to attach: handshake failed - connection prematurally closed
Debugger failed to attach: handshake failed - received >GET /Laba25_wa< - expected >JDWP-Handshake<
Debugger failed to attach: handshake failed - received >GET /Laba25_wa< - expected >JDWP-Handshake<
Debugger failed to attach: handshake failed - received >GET / HTTP/1.1< - expected >JDWP-Handshake<
Debugger failed to attach: handshake failed - received >GET / HTTP/1.1< - expected >JDWP-Handshake<
Debugger failed to attach: handshake failed - connection prematurally closed
Debugger failed to attach: handshake failed - received >GET /Laba25_wa< - expected >JDWP-Handshake<
Debugger failed to attach: handshake failed - received >GET /Laba25_wa< - expected >JDWP-Handshake<
Debugger failed to attach: handshake failed - received >GET / HTTP/1.1< - expected >JDWP-Handshake<
Debugger failed to attach: handshake failed - received >GET / HTTP/1.1< - expected >JDWP-Handshake<
Debugger failed to attach: handshake failed - connection prematurally closed
Debugger failed to attach: handshake failed - received >GET /Laba25_wa< - expected >JDWP-Handshake<
Debugger failed to attach: handshake failed - received >GET /Laba25_wa< - expected >JDWP-Handshake<
Debugger failed to attach: handshake failed - received >GET / HTTP/1.1< - expected >JDWP-Handshake<
Debugger failed to attach: handshake failed - received >GET / HTTP/1.1< - expected >JDWP-Handshake<
Debugger failed to attach: handshake failed - connection prematurally closed
Debugger failed to attach: handshake failed - received >GET /Laba25_wa< - expected >JDWP-Handshake<
Debugger failed to attach: handshake failed - received >GET /Laba25_wa< - expected >JDWP-Handshake<
Debugger failed to attach: handshake failed - received >GET / HTTP/1.1< - expected >JDWP-Handshake<
Debugger failed to attach: handshake failed - received >GET / HTTP/1.1< - expected >JDWP-Handshake<
Debugger failed to attach: handshake failed - connection prematurally closed
Debugger failed to attach: handshake failed - received >GET /Laba25_wa< - expected >JDWP-Handshake<
Debugger failed to attach: handshake failed - received >GET /Laba25_wa< - expected >JDWP-Handshake<
Debugger failed to attach: handshake failed - received >GET / HTTP/1.1< - expected >JDWP-Handshake<
Debugger failed to attach: handshake failed - received >GET / HTTP/1.1< - expected >JDWP-Handshake<
Debugger failed to attach: handshake failed - connection prematurally closed
Debugger failed to attach: handshake failed - received >GET /Laba25_wa< - expected >JDWP-Handshake<
Debugger failed to attach: handshake failed - received >GET /Laba25_wa< - expected >JDWP-Handshake<
Debugger failed to attach: handshake failed - received >GET / HTTP/1.1< - expected >JDWP-Handshake<
Debugger failed to attach: handshake failed - received >GET / HTTP/1.1< - expected >JDWP-Handshake<
07-Jun-2019 23:51:45.765 WARNING [main] org.apache.catalina.core.StandardServer.await StandardServer.await: Invalid command '' received
07-Jun-2019 23:52:00.355 INFO [main] org.apache.catalina.core.StandardServer.await A valid shutdown command was received via the shutdown port. Stopping the Server instance.
07-Jun-2019 23:52:00.355 INFO [main] org.apache.coyote.AbstractProtocol.pause Pausing ProtocolHandler ["http-nio-8080"]
07-Jun-2019 23:52:00.363 INFO [main] org.apache.coyote.AbstractProtocol.pause Pausing ProtocolHandler ["ajp-nio-8009"]
07-Jun-2019 23:52:00.369 INFO [main] org.apache.catalina.core.StandardService.stopInternal Stopping service [Catalina]
MongoClient closed successfully
07-Jun-2019 23:52:00.388 INFO [main] org.apache.coyote.AbstractProtocol.stop Stopping ProtocolHandler ["http-nio-8080"]
07-Jun-2019 23:52:00.390 INFO [main] org.apache.coyote.AbstractProtocol.stop Stopping ProtocolHandler ["ajp-nio-8009"]
07-Jun-2019 23:52:00.390 INFO [main] org.apache.coyote.AbstractProtocol.destroy Destroying ProtocolHandler ["http-nio-8080"]
07-Jun-2019 23:52:00.390 INFO [main] org.apache.coyote.AbstractProtocol.destroy Destroying ProtocolHandler ["ajp-nio-8009"]
